<?xml version="1.0" encoding="utf-8"?><testsuites name="pytest tests"><testsuite name="pytest" errors="0" failures="0" skipped="0" tests="3" time="2.910" timestamp="2026-08-18T08:10:16.445047+00:00" hostname="agent-env-3b567126-fd8d-4fd2-be3a-cd197678004a"><testcase classname="backend.tests.test_capa_regression" name="test_login_ok" time="0.521" /><testcase classname="backend.tests.test_capa_regression" name="test_get_capa_entries" time="1.744" /><testcase classname="backend.tests.test_capa_regression" name="test_put_capa_entries_persists" time="0.597" /></testsuite></testsuites>